# IPython log file

%logstart -ort 1.4.7/logs/Jap_Chon_1.4.7.1.log
ls
cd 1.4.7
cd Project_images
%run ../Jap_Chon_1.4.7.py
%logstop
cd Project_images
%logstart -ort 1.4.7/logs/Jap_Chon_1.4.7.2.log
ls
cd ..
%logstart -ort 1.4.7/logs/Jap_Chon_1.4.7.2.log
%logstart -ort 1.4.7/logs/Jap_Chon_1.4.7.2.log
cd 1.4.7
ls
cd ..
ls
# Tue, 05 Mar 2019 17:08:31
%run ../Jap_Chon_1.4.7.py
# Tue, 05 Mar 2019 17:08:41
cd 1.4.7
# Tue, 05 Mar 2019 17:08:58
cd Project_images
# Tue, 05 Mar 2019 17:09:01
%run ../Jap_Chon_1.4.7.py
# Tue, 05 Mar 2019 17:09:23
%run ../Jap_Chon_1.4.7.py
# Tue, 05 Mar 2019 17:09:28
%run ../Jap_Chon_1.4.7.py
# Tue, 05 Mar 2019 17:11:04
%run ../Jap_Chon_1.4.7.py
# Tue, 05 Mar 2019 17:11:44
%run ../Jap_Chon_1.4.7.py
# Tue, 05 Mar 2019 17:28:08
%run ../Jap_Chon_1.4.7.py
# Tue, 05 Mar 2019 17:28:29
exit
