# IPython log file

%run 1.3.3/Jap_1.3.3.py
age = 14
age_limit_output(15)
age_limit_output(5)
age_limit_output(10)
age_limit_output(16)
#9a. It outputs these statments because it satisfied the function
age_limit_output(12)
%run Jap_1.3.3.py
%run 1.3.3/Jap_1.3.3.py
age_limit_output(12)
report_grade(85)
report_grade(75)
# Tue, 11 Dec 2018 17:03:16
cd 1.3.3
# Tue, 11 Dec 2018 17:06:40
pwd
#[Out]# u'/home/ubuntu/workspace/1.3.3'
# Tue, 11 Dec 2018 17:06:47
ls
# Tue, 11 Dec 2018 17:15:04
't' in 'string'
#[Out]# True
# Tue, 11 Dec 2018 17:15:25
3 in [1,2,3]
#[Out]# True
# Tue, 11 Dec 2018 17:15:39
'3' in [1,2,3]
#[Out]# False
# Tue, 11 Dec 2018 17:19:02
letter_in_word('t', 'secret hangman phrase')
# Tue, 11 Dec 2018 17:24:51
%run 1.3.3
# Tue, 11 Dec 2018 17:25:02
%run Jap_1.3.3.py
# Tue, 11 Dec 2018 17:25:43
letter_in_word(h, hello)
# Tue, 11 Dec 2018 17:26:17
letter_in_word('h','hello')
# Tue, 11 Dec 2018 17:27:18
letter_in_word('h','hello')
# Tue, 11 Dec 2018 17:28:08
%run Jap_1.3.3.py
# Tue, 11 Dec 2018 17:28:12
letter_in_word('h','hello')
#[Out]# True
# Tue, 11 Dec 2018 17:36:05
%run Jap_1.3.3.py
# Tue, 11 Dec 2018 17:36:19
secret = ['red','red','yellow','yellow','black']
# Tue, 11 Dec 2018 17:36:35
hint('red', secret)
# Tue, 11 Dec 2018 17:46:00
%run Jap_1.3.3.py
# Tue, 11 Dec 2018 17:51:16
%logstop
